# JRE version: OpenJDK Runtime Environment Corretto-21.0.3.9.1 (21.0.3+9) (build 21.0.3+9-LTS)
# Java VM: OpenJDK 64-Bit Server VM Corretto-21.0.3.9.1 (21.0.3+9-LTS, mixed mode, emulated-client, sharing, tiered, compressed oops, compressed class ptrs, g1 gc, windows-amd64)
GC Precious Log:
 CardTable entry size: 512
 Card Set container configuration: InlinePtr #cards 4 size 8 Array Of Cards #cards 16 size 48 Howl #buckets 8 coarsen threshold 3686 Howl Bitmap #cards 512 size 80 coarsen threshold 460 Card regions per heap region 1 cards per card region 4096
 CPUs: 16 total, 16 available
 Memory: 16227M
 Large Page Support: Disabled
 NUMA Support: Disabled
 Compressed Oops: Enabled (Zero based)
 Heap Region Size: 2M
 Heap Min Capacity: 8M
 Heap Initial Capacity: 254M
 Heap Max Capacity: 4058M
 Pre-touch: Disabled
 Parallel Workers: 13
 Concurrent Workers: 3
 Concurrent Refinement Workers: 13
 Periodic GC: Disabled
Heap:
 garbage-first heap   total 159744K, used 138511K [0x0000000702600000, 0x0000000800000000)
  region size 2048K, 42 young (86016K), 3 survivors (6144K)
 Metaspace       used 94268K, committed 95424K, reserved 1179648K
  class space    used 12552K, committed 13184K, reserved 1048576K
GC Heap History (20 events):
Event: 6051.961 GC heap after
{Heap after GC invocations=107 (full 11):
 garbage-first heap   total 131072K, used 47370K [0x0000000702600000, 0x0000000800000000)
  region size 2048K, 4 young (8192K), 4 survivors (8192K)
 Metaspace       used 92364K, committed 94400K, reserved 1179648K
  class space    used 12388K, committed 13184K, reserved 1048576K
}
Event: 6052.282 GC heap before
{Heap before GC invocations=107 (full 11):
 garbage-first heap   total 131072K, used 102666K [0x0000000702600000, 0x0000000800000000)
  region size 2048K, 33 young (67584K), 4 survivors (8192K)
 Metaspace       used 92588K, committed 94400K, reserved 1179648K
  class space    used 12411K, committed 13184K, reserved 1048576K
}
Event: 6052.284 GC heap after
{Heap after GC invocations=108 (full 11):
 garbage-first heap   total 131072K, used 49332K [0x0000000702600000, 0x0000000800000000)
  region size 2048K, 4 young (8192K), 4 survivors (8192K)
 Metaspace       used 92588K, committed 94400K, reserved 1179648K
  class space    used 12411K, committed 13184K, reserved 1048576K
}
Event: 6062.080 GC heap before
{Heap before GC invocations=109 (full 11):
 garbage-first heap   total 131072K, used 108724K [0x0000000702600000, 0x0000000800000000)
  region size 2048K, 33 young (67584K), 4 survivors (8192K)
 Metaspace       used 92774K, committed 94400K, reserved 1179648K
  class space    used 12425K, committed 13184K, reserved 1048576K
}
Event: 6062.083 GC heap after
{Heap after GC invocations=110 (full 11):
 garbage-first heap   total 131072K, used 50715K [0x0000000702600000, 0x0000000800000000)
  region size 2048K, 3 young (6144K), 3 survivors (6144K)
 Metaspace       used 92774K, committed 94400K, reserved 1179648K
  class space    used 12425K, committed 13184K, reserved 1048576K
}
Event: 6062.432 GC heap before
{Heap before GC invocations=110 (full 11):
 garbage-first heap   total 131072K, used 110107K [0x0000000702600000, 0x0000000800000000)
  region size 2048K, 32 young (65536K), 3 survivors (6144K)
 Metaspace       used 92938K, committed 94400K, reserved 1179648K
  class space    used 12447K, committed 13184K, reserved 1048576K
}
Event: 6062.435 GC heap after
{Heap after GC invocations=111 (full 11):
 garbage-first heap   total 131072K, used 53690K [0x0000000702600000, 0x0000000800000000)
  region size 2048K, 4 young (8192K), 4 survivors (8192K)
 Metaspace       used 92938K, committed 94400K, reserved 1179648K
  class space    used 12447K, committed 13184K, reserved 1048576K
}
Event: 6062.686 GC heap before
{Heap before GC invocations=111 (full 11):
 garbage-first heap   total 131072K, used 108986K [0x0000000702600000, 0x0000000800000000)
  region size 2048K, 31 young (63488K), 4 survivors (8192K)
 Metaspace       used 93134K, committed 94400K, reserved 1179648K
  class space    used 12464K, committed 13184K, reserved 1048576K
}
Event: 6062.688 GC heap after
{Heap after GC invocations=112 (full 11):
 garbage-first heap   total 131072K, used 55301K [0x0000000702600000, 0x0000000800000000)
  region size 2048K, 3 young (6144K), 3 survivors (6144K)
 Metaspace       used 93134K, committed 94400K, reserved 1179648K
  class space    used 12464K, committed 13184K, reserved 1048576K
}
Event: 6070.483 GC heap before
{Heap before GC invocations=113 (full 11):
 garbage-first heap   total 133120K, used 112645K [0x0000000702600000, 0x0000000800000000)
  region size 2048K, 31 young (63488K), 3 survivors (6144K)
 Metaspace       used 93265K, committed 94592K, reserved 1179648K
  class space    used 12457K, committed 13184K, reserved 1048576K
}
Event: 6070.486 GC heap after
{Heap after GC invocations=114 (full 11):
 garbage-first heap   total 133120K, used 57358K [0x0000000702600000, 0x0000000800000000)
  region size 2048K, 3 young (6144K), 3 survivors (6144K)
 Metaspace       used 93265K, committed 94592K, reserved 1179648K
  class space    used 12457K, committed 13184K, reserved 1048576K
}
Event: 6070.822 GC heap before
{Heap before GC invocations=114 (full 11):
 garbage-first heap   total 133120K, used 114702K [0x0000000702600000, 0x0000000800000000)
  region size 2048K, 31 young (63488K), 3 survivors (6144K)
 Metaspace       used 93321K, committed 94592K, reserved 1179648K
  class space    used 12465K, committed 13184K, reserved 1048576K
}
Event: 6070.825 GC heap after
{Heap after GC invocations=115 (full 11):
 garbage-first heap   total 133120K, used 57011K [0x0000000702600000, 0x0000000800000000)
  region size 2048K, 4 young (8192K), 4 survivors (8192K)
 Metaspace       used 93321K, committed 94592K, reserved 1179648K
  class space    used 12465K, committed 13184K, reserved 1048576K
}
Event: 6071.055 GC heap before
{Heap before GC invocations=115 (full 11):
 garbage-first heap   total 133120K, used 110259K [0x0000000702600000, 0x0000000800000000)
  region size 2048K, 31 young (63488K), 4 survivors (8192K)
 Metaspace       used 93517K, committed 94720K, reserved 1179648K
  class space    used 12481K, committed 13184K, reserved 1048576K
}
Event: 6071.058 GC heap after
{Heap after GC invocations=116 (full 11):
 garbage-first heap   total 159744K, used 58257K [0x0000000702600000, 0x0000000800000000)
  region size 2048K, 3 young (6144K), 3 survivors (6144K)
 Metaspace       used 93517K, committed 94720K, reserved 1179648K
  class space    used 12481K, committed 13184K, reserved 1048576K
}
Event: 6090.167 GC heap before
{Heap before GC invocations=117 (full 11):
 garbage-first heap   total 159744K, used 136081K [0x0000000702600000, 0x0000000800000000)
  region size 2048K, 42 young (86016K), 3 survivors (6144K)
 Metaspace       used 93806K, committed 94976K, reserved 1179648K
  class space    used 12510K, committed 13184K, reserved 1048576K
}
Event: 6090.170 GC heap after
{Heap after GC invocations=118 (full 11):
 garbage-first heap   total 159744K, used 59247K [0x0000000702600000, 0x0000000800000000)
  region size 2048K, 4 young (8192K), 4 survivors (8192K)
 Metaspace       used 93806K, committed 94976K, reserved 1179648K
  class space    used 12510K, committed 13184K, reserved 1048576K
}
Event: 6090.581 GC heap before
{Heap before GC invocations=118 (full 11):
 garbage-first heap   total 159744K, used 135023K [0x0000000702600000, 0x0000000800000000)
  region size 2048K, 42 young (86016K), 4 survivors (8192K)
 Metaspace       used 94053K, committed 95232K, reserved 1179648K
  class space    used 12534K, committed 13184K, reserved 1048576K
}
Event: 6090.584 GC heap after
{Heap after GC invocations=119 (full 11):
 garbage-first heap   total 159744K, used 58639K [0x0000000702600000, 0x0000000800000000)
  region size 2048K, 4 young (8192K), 4 survivors (8192K)
 Metaspace       used 94053K, committed 95232K, reserved 1179648K
  class space    used 12534K, committed 13184K, reserved 1048576K
}
Event: 6157.929 GC heap before
{Heap before GC invocations=119 (full 11):
 garbage-first heap   total 159744K, used 138511K [0x0000000702600000, 0x0000000800000000)
  region size 2048K, 43 young (88064K), 4 survivors (8192K)
 Metaspace       used 94268K, committed 95424K, reserved 1179648K
  class space    used 12552K, committed 13184K, reserved 1048576K
}

