# JRE version: OpenJDK Runtime Environment Corretto-21.0.3.9.1 (21.0.3+9) (build 21.0.3+9-LTS)
# Java VM: OpenJDK 64-Bit Server VM Corretto-21.0.3.9.1 (21.0.3+9-LTS, mixed mode, emulated-client, sharing, tiered, compressed oops, compressed class ptrs, g1 gc, windows-amd64)
GC Precious Log:
 CardTable entry size: 512
 Card Set container configuration: InlinePtr #cards 4 size 8 Array Of Cards #cards 16 size 48 Howl #buckets 8 coarsen threshold 3686 Howl Bitmap #cards 512 size 80 coarsen threshold 460 Card regions per heap region 1 cards per card region 4096
 CPUs: 16 total, 16 available
 Memory: 16227M
 Large Page Support: Disabled
 NUMA Support: Disabled
 Compressed Oops: Enabled (Zero based)
 Heap Region Size: 2M
 Heap Min Capacity: 8M
 Heap Initial Capacity: 254M
 Heap Max Capacity: 4058M
 Pre-touch: Disabled
 Parallel Workers: 13
 Concurrent Workers: 3
 Concurrent Refinement Workers: 13
 Periodic GC: Disabled
Heap:
 garbage-first heap   total 143360K, used 121189K [0x0000000702600000, 0x0000000800000000)
  region size 2048K, 40 young (81920K), 3 survivors (6144K)
 Metaspace       used 91766K, committed 92928K, reserved 1179648K
  class space    used 12284K, committed 12864K, reserved 1048576K
GC Heap History (20 events):
Event: 6115.209 GC heap after
{Heap after GC invocations=127 (full 7):
 garbage-first heap   total 143360K, used 34818K [0x0000000702600000, 0x0000000800000000)
  region size 2048K, 0 young (0K), 0 survivors (0K)
 Metaspace       used 90707K, committed 92224K, reserved 1179648K
  class space    used 12168K, committed 12736K, reserved 1048576K
}
Event: 6115.466 GC heap before
{Heap before GC invocations=127 (full 7):
 garbage-first heap   total 143360K, used 65538K [0x0000000702600000, 0x0000000800000000)
  region size 2048K, 17 young (34816K), 0 survivors (0K)
 Metaspace       used 90967K, committed 92224K, reserved 1179648K
  class space    used 12212K, committed 12736K, reserved 1048576K
}
Event: 6115.469 GC heap after
{Heap after GC invocations=128 (full 7):
 garbage-first heap   total 143360K, used 39227K [0x0000000702600000, 0x0000000800000000)
  region size 2048K, 3 young (6144K), 3 survivors (6144K)
 Metaspace       used 90967K, committed 92224K, reserved 1179648K
  class space    used 12212K, committed 12736K, reserved 1048576K
}
Event: 6116.754 GC heap before
{Heap before GC invocations=129 (full 7):
 garbage-first heap   total 143360K, used 117051K [0x0000000702600000, 0x0000000800000000)
  region size 2048K, 41 young (83968K), 3 survivors (6144K)
 Metaspace       used 91184K, committed 92224K, reserved 1179648K
  class space    used 12261K, committed 12736K, reserved 1048576K
}
Event: 6116.758 GC heap after
{Heap after GC invocations=130 (full 7):
 garbage-first heap   total 143360K, used 43010K [0x0000000702600000, 0x0000000800000000)
  region size 2048K, 4 young (8192K), 4 survivors (8192K)
 Metaspace       used 91184K, committed 92224K, reserved 1179648K
  class space    used 12261K, committed 12736K, reserved 1048576K
}
Event: 6116.788 GC heap before
{Heap before GC invocations=130 (full 7):
 garbage-first heap   total 143360K, used 45058K [0x0000000702600000, 0x0000000800000000)
  region size 2048K, 6 young (12288K), 4 survivors (8192K)
 Metaspace       used 91272K, committed 92224K, reserved 1179648K
  class space    used 12273K, committed 12736K, reserved 1048576K
}
Event: 6116.791 GC heap after
{Heap after GC invocations=131 (full 7):
 garbage-first heap   total 143360K, used 42915K [0x0000000702600000, 0x0000000800000000)
  region size 2048K, 3 young (6144K), 3 survivors (6144K)
 Metaspace       used 91272K, committed 92224K, reserved 1179648K
  class space    used 12273K, committed 12736K, reserved 1048576K
}
Event: 6117.088 GC heap before
{Heap before GC invocations=132 (full 7):
 garbage-first heap   total 143360K, used 118691K [0x0000000702600000, 0x0000000800000000)
  region size 2048K, 40 young (81920K), 3 survivors (6144K)
 Metaspace       used 91514K, committed 92416K, reserved 1179648K
  class space    used 12291K, committed 12736K, reserved 1048576K
}
Event: 6117.090 GC heap after
{Heap after GC invocations=133 (full 7):
 garbage-first heap   total 143360K, used 45459K [0x0000000702600000, 0x0000000800000000)
  region size 2048K, 4 young (8192K), 4 survivors (8192K)
 Metaspace       used 91514K, committed 92416K, reserved 1179648K
  class space    used 12291K, committed 12736K, reserved 1048576K
}
Event: 6117.456 GC heap before
{Heap before GC invocations=133 (full 7):
 garbage-first heap   total 143360K, used 117139K [0x0000000702600000, 0x0000000800000000)
  region size 2048K, 39 young (79872K), 4 survivors (8192K)
 Metaspace       used 91962K, committed 92928K, reserved 1179648K
  class space    used 12337K, committed 12800K, reserved 1048576K
}
Event: 6117.459 GC heap after
{Heap after GC invocations=134 (full 7):
 garbage-first heap   total 143360K, used 48387K [0x0000000702600000, 0x0000000800000000)
  region size 2048K, 4 young (8192K), 4 survivors (8192K)
 Metaspace       used 91962K, committed 92928K, reserved 1179648K
  class space    used 12337K, committed 12800K, reserved 1048576K
}
Event: 6117.507 GC heap before
{Heap before GC invocations=134 (full 7):
 garbage-first heap   total 143360K, used 56579K [0x0000000702600000, 0x0000000800000000)
  region size 2048K, 9 young (18432K), 4 survivors (8192K)
 Metaspace       used 91971K, committed 92992K, reserved 1179648K
  class space    used 12340K, committed 12864K, reserved 1048576K
}
Event: 6117.509 GC heap after
{Heap after GC invocations=135 (full 7):
 garbage-first heap   total 143360K, used 48934K [0x0000000702600000, 0x0000000800000000)
  region size 2048K, 2 young (4096K), 2 survivors (4096K)
 Metaspace       used 91971K, committed 92992K, reserved 1179648K
  class space    used 12340K, committed 12864K, reserved 1048576K
}
Event: 6134.537 GC heap before
{Heap before GC invocations=136 (full 7):
 garbage-first heap   total 143360K, used 96038K [0x0000000702600000, 0x0000000800000000)
  region size 2048K, 26 young (53248K), 2 survivors (4096K)
 Metaspace       used 92120K, committed 93120K, reserved 1179648K
  class space    used 12359K, committed 12864K, reserved 1048576K
}
Event: 6134.572 GC heap after
{Heap after GC invocations=137 (full 8):
 garbage-first heap   total 143360K, used 37494K [0x0000000702600000, 0x0000000800000000)
  region size 2048K, 0 young (0K), 0 survivors (0K)
 Metaspace       used 90764K, committed 92736K, reserved 1179648K
  class space    used 12187K, committed 12864K, reserved 1048576K
}
Event: 6136.835 GC heap before
{Heap before GC invocations=137 (full 8):
 garbage-first heap   total 143360K, used 123510K [0x0000000702600000, 0x0000000800000000)
  region size 2048K, 42 young (86016K), 0 survivors (0K)
 Metaspace       used 91077K, committed 92736K, reserved 1179648K
  class space    used 12235K, committed 12864K, reserved 1048576K
}
Event: 6136.838 GC heap after
{Heap after GC invocations=138 (full 8):
 garbage-first heap   total 143360K, used 43638K [0x0000000702600000, 0x0000000800000000)
  region size 2048K, 3 young (6144K), 3 survivors (6144K)
 Metaspace       used 91077K, committed 92736K, reserved 1179648K
  class space    used 12235K, committed 12864K, reserved 1048576K
}
Event: 6137.153 GC heap before
{Heap before GC invocations=139 (full 8):
 garbage-first heap   total 143360K, used 123510K [0x0000000702600000, 0x0000000800000000)
  region size 2048K, 42 young (86016K), 3 survivors (6144K)
 Metaspace       used 91419K, committed 92736K, reserved 1179648K
  class space    used 12263K, committed 12864K, reserved 1048576K
}
Event: 6137.155 GC heap after
{Heap after GC invocations=140 (full 8):
 garbage-first heap   total 143360K, used 45413K [0x0000000702600000, 0x0000000800000000)
  region size 2048K, 4 young (8192K), 4 survivors (8192K)
 Metaspace       used 91419K, committed 92736K, reserved 1179648K
  class space    used 12263K, committed 12864K, reserved 1048576K
}
Event: 6227.967 GC heap before
{Heap before GC invocations=140 (full 8):
 garbage-first heap   total 143360K, used 121189K [0x0000000702600000, 0x0000000800000000)
  region size 2048K, 41 young (83968K), 4 survivors (8192K)
 Metaspace       used 91766K, committed 92928K, reserved 1179648K
  class space    used 12284K, committed 12864K, reserved 1048576K
}

