# JRE version: OpenJDK Runtime Environment Corretto-21.0.3.9.1 (21.0.3+9) (build 21.0.3+9-LTS)
# Java VM: OpenJDK 64-Bit Server VM Corretto-21.0.3.9.1 (21.0.3+9-LTS, mixed mode, emulated-client, sharing, tiered, compressed oops, compressed class ptrs, g1 gc, windows-amd64)
GC Precious Log:
 CardTable entry size: 512
 Card Set container configuration: InlinePtr #cards 4 size 8 Array Of Cards #cards 16 size 48 Howl #buckets 8 coarsen threshold 3686 Howl Bitmap #cards 512 size 80 coarsen threshold 460 Card regions per heap region 1 cards per card region 4096
 CPUs: 16 total, 16 available
 Memory: 16227M
 Large Page Support: Disabled
 NUMA Support: Disabled
 Compressed Oops: Enabled (Zero based)
 Heap Region Size: 2M
 Heap Min Capacity: 8M
 Heap Initial Capacity: 254M
 Heap Max Capacity: 4058M
 Pre-touch: Disabled
 Parallel Workers: 13
 Concurrent Workers: 3
 Concurrent Refinement Workers: 13
 Periodic GC: Disabled
Heap:
 garbage-first heap   total 221184K, used 187783K [0x0000000702600000, 0x0000000800000000)
  region size 2048K, 59 young (120832K), 3 survivors (6144K)
 Metaspace       used 102947K, committed 105280K, reserved 1179648K
  class space    used 13450K, committed 15232K, reserved 1048576K
GC Heap History (20 events):
Event: 4938.371 GC heap after
{Heap after GC invocations=391 (full 48):
 garbage-first heap   total 157696K, used 57695K [0x0000000702600000, 0x0000000800000000)
  region size 2048K, 0 young (0K), 0 survivors (0K)
 Metaspace       used 99776K, committed 102464K, reserved 1179648K
  class space    used 13153K, committed 15232K, reserved 1048576K
}
Event: 4938.850 GC heap before
{Heap before GC invocations=391 (full 48):
 garbage-first heap   total 157696K, used 141663K [0x0000000702600000, 0x0000000800000000)
  region size 2048K, 41 young (83968K), 0 survivors (0K)
 Metaspace       used 100305K, committed 102848K, reserved 1179648K
  class space    used 13227K, committed 15232K, reserved 1048576K
}
Event: 4938.853 GC heap after
{Heap after GC invocations=392 (full 48):
 garbage-first heap   total 157696K, used 64863K [0x0000000702600000, 0x0000000800000000)
  region size 2048K, 4 young (8192K), 4 survivors (8192K)
 Metaspace       used 100305K, committed 102848K, reserved 1179648K
  class space    used 13227K, committed 15232K, reserved 1048576K
}
Event: 4939.243 GC heap before
{Heap before GC invocations=393 (full 48):
 garbage-first heap   total 157696K, used 130399K [0x0000000702600000, 0x0000000800000000)
  region size 2048K, 37 young (75776K), 4 survivors (8192K)
 Metaspace       used 100790K, committed 103296K, reserved 1179648K
  class space    used 13266K, committed 15232K, reserved 1048576K
}
Event: 4939.246 GC heap after
{Heap after GC invocations=394 (full 48):
 garbage-first heap   total 157696K, used 66257K [0x0000000702600000, 0x0000000800000000)
  region size 2048K, 2 young (4096K), 2 survivors (4096K)
 Metaspace       used 100790K, committed 103296K, reserved 1179648K
  class space    used 13266K, committed 15232K, reserved 1048576K
}
Event: 4939.280 GC heap before
{Heap before GC invocations=394 (full 48):
 garbage-first heap   total 157696K, used 133841K [0x0000000702600000, 0x0000000800000000)
  region size 2048K, 36 young (73728K), 2 survivors (4096K)
 Metaspace       used 100799K, committed 103296K, reserved 1179648K
  class space    used 13266K, committed 15232K, reserved 1048576K
}
Event: 4939.282 GC heap after
{Heap after GC invocations=395 (full 48):
 garbage-first heap   total 157696K, used 67487K [0x0000000702600000, 0x0000000800000000)
  region size 2048K, 2 young (4096K), 2 survivors (4096K)
 Metaspace       used 100799K, committed 103296K, reserved 1179648K
  class space    used 13266K, committed 15232K, reserved 1048576K
}
Event: 4939.489 GC heap before
{Heap before GC invocations=395 (full 48):
 garbage-first heap   total 157696K, used 137119K [0x0000000702600000, 0x0000000800000000)
  region size 2048K, 36 young (73728K), 2 survivors (4096K)
 Metaspace       used 101292K, committed 103808K, reserved 1179648K
  class space    used 13293K, committed 15232K, reserved 1048576K
}
Event: 4939.492 GC heap after
{Heap after GC invocations=396 (full 48):
 garbage-first heap   total 221184K, used 68930K [0x0000000702600000, 0x0000000800000000)
  region size 2048K, 3 young (6144K), 3 survivors (6144K)
 Metaspace       used 101292K, committed 103808K, reserved 1179648K
  class space    used 13293K, committed 15232K, reserved 1048576K
}
Event: 4970.773 GC heap before
{Heap before GC invocations=397 (full 48):
 garbage-first heap   total 221184K, used 193858K [0x0000000702600000, 0x0000000800000000)
  region size 2048K, 64 young (131072K), 3 survivors (6144K)
 Metaspace       used 101470K, committed 103936K, reserved 1179648K
  class space    used 13307K, committed 15232K, reserved 1048576K
}
Event: 4970.775 GC heap after
{Heap after GC invocations=398 (full 48):
 garbage-first heap   total 221184K, used 70956K [0x0000000702600000, 0x0000000800000000)
  region size 2048K, 4 young (8192K), 4 survivors (8192K)
 Metaspace       used 101470K, committed 103936K, reserved 1179648K
  class space    used 13307K, committed 15232K, reserved 1048576K
}
Event: 5007.063 GC heap before
{Heap before GC invocations=398 (full 48):
 garbage-first heap   total 221184K, used 103724K [0x0000000702600000, 0x0000000800000000)
  region size 2048K, 21 young (43008K), 4 survivors (8192K)
 Metaspace       used 101473K, committed 103936K, reserved 1179648K
  class space    used 13308K, committed 15232K, reserved 1048576K
}
Event: 5007.114 GC heap after
{Heap after GC invocations=399 (full 49):
 garbage-first heap   total 221184K, used 63377K [0x0000000702600000, 0x0000000800000000)
  region size 2048K, 0 young (0K), 0 survivors (0K)
 Metaspace       used 101433K, committed 103936K, reserved 1179648K
  class space    used 13301K, committed 15232K, reserved 1048576K
}
Event: 5007.891 GC heap before
{Heap before GC invocations=399 (full 49):
 garbage-first heap   total 221184K, used 194449K [0x0000000702600000, 0x0000000800000000)
  region size 2048K, 64 young (131072K), 0 survivors (0K)
 Metaspace       used 101971K, committed 104384K, reserved 1179648K
  class space    used 13377K, committed 15232K, reserved 1048576K
}
Event: 5007.894 GC heap after
{Heap after GC invocations=400 (full 49):
 garbage-first heap   total 221184K, used 71399K [0x0000000702600000, 0x0000000800000000)
  region size 2048K, 4 young (8192K), 4 survivors (8192K)
 Metaspace       used 101971K, committed 104384K, reserved 1179648K
  class space    used 13377K, committed 15232K, reserved 1048576K
}
Event: 5007.953 GC heap before
{Heap before GC invocations=401 (full 49):
 garbage-first heap   total 221184K, used 79591K [0x0000000702600000, 0x0000000800000000)
  region size 2048K, 9 young (18432K), 4 survivors (8192K)
 Metaspace       used 102033K, committed 104448K, reserved 1179648K
  class space    used 13381K, committed 15232K, reserved 1048576K
}
Event: 5007.956 GC heap after
{Heap after GC invocations=402 (full 49):
 garbage-first heap   total 221184K, used 72137K [0x0000000702600000, 0x0000000800000000)
  region size 2048K, 5 young (10240K), 5 survivors (10240K)
 Metaspace       used 102033K, committed 104448K, reserved 1179648K
  class space    used 13381K, committed 15232K, reserved 1048576K
}
Event: 5008.052 GC heap before
{Heap before GC invocations=403 (full 49):
 garbage-first heap   total 221184K, used 182729K [0x0000000702600000, 0x0000000800000000)
  region size 2048K, 59 young (120832K), 5 survivors (10240K)
 Metaspace       used 102466K, committed 104832K, reserved 1179648K
  class space    used 13417K, committed 15232K, reserved 1048576K
}
Event: 5008.055 GC heap after
{Heap after GC invocations=404 (full 49):
 garbage-first heap   total 221184K, used 73095K [0x0000000702600000, 0x0000000800000000)
  region size 2048K, 5 young (10240K), 5 survivors (10240K)
 Metaspace       used 102466K, committed 104832K, reserved 1179648K
  class space    used 13417K, committed 15232K, reserved 1048576K
}
Event: 5188.318 GC heap before
{Heap before GC invocations=404 (full 49):
 garbage-first heap   total 221184K, used 187783K [0x0000000702600000, 0x0000000800000000)
  region size 2048K, 61 young (124928K), 5 survivors (10240K)
 Metaspace       used 102947K, committed 105280K, reserved 1179648K
  class space    used 13450K, committed 15232K, reserved 1048576K
}

