# JRE version: OpenJDK Runtime Environment Corretto-21.0.3.9.1 (21.0.3+9) (build 21.0.3+9-LTS)
# Java VM: OpenJDK 64-Bit Server VM Corretto-21.0.3.9.1 (21.0.3+9-LTS, mixed mode, emulated-client, sharing, tiered, compressed oops, compressed class ptrs, g1 gc, windows-amd64)
GC Precious Log:
 CardTable entry size: 512
 Card Set container configuration: InlinePtr #cards 4 size 8 Array Of Cards #cards 16 size 48 Howl #buckets 8 coarsen threshold 3686 Howl Bitmap #cards 512 size 80 coarsen threshold 460 Card regions per heap region 1 cards per card region 4096
 CPUs: 16 total, 16 available
 Memory: 16227M
 Large Page Support: Disabled
 NUMA Support: Disabled
 Compressed Oops: Enabled (Zero based)
 Heap Region Size: 2M
 Heap Min Capacity: 8M
 Heap Initial Capacity: 254M
 Heap Max Capacity: 4058M
 Pre-touch: Disabled
 Parallel Workers: 13
 Concurrent Workers: 3
 Concurrent Refinement Workers: 13
 Periodic GC: Disabled
Heap:
 garbage-first heap   total 348160K, used 277303K [0x0000000702600000, 0x0000000800000000)
  region size 2048K, 102 young (208896K), 2 survivors (4096K)
 Metaspace       used 97197K, committed 98240K, reserved 1179648K
  class space    used 12887K, committed 13440K, reserved 1048576K
GC Heap History (20 events):
Event: 12755.718 GC heap after
{Heap after GC invocations=199 (full 24):
 garbage-first heap   total 165888K, used 65901K [0x0000000702600000, 0x0000000800000000)
  region size 2048K, 3 young (6144K), 3 survivors (6144K)
 Metaspace       used 95861K, committed 97024K, reserved 1179648K
  class space    used 12799K, committed 13440K, reserved 1048576K
}
Event: 12756.051 GC heap before
{Heap before GC invocations=200 (full 24):
 garbage-first heap   total 165888K, used 139629K [0x0000000702600000, 0x0000000800000000)
  region size 2048K, 40 young (81920K), 3 survivors (6144K)
 Metaspace       used 96184K, committed 97344K, reserved 1179648K
  class space    used 12821K, committed 13440K, reserved 1048576K
}
Event: 12756.054 GC heap after
{Heap after GC invocations=201 (full 24):
 garbage-first heap   total 165888K, used 67958K [0x0000000702600000, 0x0000000800000000)
  region size 2048K, 2 young (4096K), 2 survivors (4096K)
 Metaspace       used 96184K, committed 97344K, reserved 1179648K
  class space    used 12821K, committed 13440K, reserved 1048576K
}
Event: 12757.840 GC heap before
{Heap before GC invocations=201 (full 24):
 garbage-first heap   total 165888K, used 137590K [0x0000000702600000, 0x0000000800000000)
  region size 2048K, 37 young (75776K), 2 survivors (4096K)
 Metaspace       used 96278K, committed 97408K, reserved 1179648K
  class space    used 12829K, committed 13440K, reserved 1048576K
}
Event: 12757.884 GC heap after
{Heap after GC invocations=202 (full 25):
 garbage-first heap   total 165888K, used 60173K [0x0000000702600000, 0x0000000800000000)
  region size 2048K, 0 young (0K), 0 survivors (0K)
 Metaspace       used 96095K, committed 97408K, reserved 1179648K
  class space    used 12782K, committed 13440K, reserved 1048576K
}
Event: 12758.808 GC heap before
{Heap before GC invocations=202 (full 25):
 garbage-first heap   total 165888K, used 144141K [0x0000000702600000, 0x0000000800000000)
  region size 2048K, 41 young (83968K), 0 survivors (0K)
 Metaspace       used 96257K, committed 97472K, reserved 1179648K
  class space    used 12805K, committed 13440K, reserved 1048576K
}
Event: 12758.811 GC heap after
{Heap after GC invocations=203 (full 25):
 garbage-first heap   total 165888K, used 65918K [0x0000000702600000, 0x0000000800000000)
  region size 2048K, 3 young (6144K), 3 survivors (6144K)
 Metaspace       used 96257K, committed 97472K, reserved 1179648K
  class space    used 12805K, committed 13440K, reserved 1048576K
}
Event: 12759.123 GC heap before
{Heap before GC invocations=204 (full 25):
 garbage-first heap   total 165888K, used 139646K [0x0000000702600000, 0x0000000800000000)
  region size 2048K, 39 young (79872K), 3 survivors (6144K)
 Metaspace       used 96579K, committed 97728K, reserved 1179648K
  class space    used 12827K, committed 13440K, reserved 1048576K
}
Event: 12759.125 GC heap after
{Heap after GC invocations=205 (full 25):
 garbage-first heap   total 165888K, used 68119K [0x0000000702600000, 0x0000000800000000)
  region size 2048K, 2 young (4096K), 2 survivors (4096K)
 Metaspace       used 96579K, committed 97728K, reserved 1179648K
  class space    used 12827K, committed 13440K, reserved 1048576K
}
Event: 12759.734 GC heap before
{Heap before GC invocations=205 (full 25):
 garbage-first heap   total 165888K, used 139799K [0x0000000702600000, 0x0000000800000000)
  region size 2048K, 37 young (75776K), 2 survivors (4096K)
 Metaspace       used 96668K, committed 97792K, reserved 1179648K
  class space    used 12835K, committed 13440K, reserved 1048576K
}
Event: 12759.736 GC heap after
{Heap after GC invocations=206 (full 25):
 garbage-first heap   total 165888K, used 69870K [0x0000000702600000, 0x0000000800000000)
  region size 2048K, 2 young (4096K), 2 survivors (4096K)
 Metaspace       used 96668K, committed 97792K, reserved 1179648K
  class space    used 12835K, committed 13440K, reserved 1048576K
}
Event: 12769.050 GC heap before
{Heap before GC invocations=206 (full 25):
 garbage-first heap   total 165888K, used 76014K [0x0000000702600000, 0x0000000800000000)
  region size 2048K, 6 young (12288K), 2 survivors (4096K)
 Metaspace       used 96672K, committed 97792K, reserved 1179648K
  class space    used 12836K, committed 13440K, reserved 1048576K
}
Event: 12769.094 GC heap after
{Heap after GC invocations=207 (full 26):
 garbage-first heap   total 165888K, used 64433K [0x0000000702600000, 0x0000000800000000)
  region size 2048K, 0 young (0K), 0 survivors (0K)
 Metaspace       used 96663K, committed 97792K, reserved 1179648K
  class space    used 12835K, committed 13440K, reserved 1048576K
}
Event: 12769.560 GC heap before
{Heap before GC invocations=207 (full 26):
 garbage-first heap   total 165888K, used 146353K [0x0000000702600000, 0x0000000800000000)
  region size 2048K, 40 young (81920K), 0 survivors (0K)
 Metaspace       used 96823K, committed 97920K, reserved 1179648K
  class space    used 12858K, committed 13440K, reserved 1048576K
}
Event: 12769.563 GC heap after
{Heap after GC invocations=208 (full 26):
 garbage-first heap   total 165888K, used 70053K [0x0000000702600000, 0x0000000800000000)
  region size 2048K, 3 young (6144K), 3 survivors (6144K)
 Metaspace       used 96823K, committed 97920K, reserved 1179648K
  class space    used 12858K, committed 13440K, reserved 1048576K
}
Event: 12770.462 GC heap before
{Heap before GC invocations=209 (full 26):
 garbage-first heap   total 165888K, used 141733K [0x0000000702600000, 0x0000000800000000)
  region size 2048K, 38 young (77824K), 3 survivors (6144K)
 Metaspace       used 97145K, committed 98176K, reserved 1179648K
  class space    used 12879K, committed 13440K, reserved 1048576K
}
Event: 12770.466 GC heap after
{Heap after GC invocations=210 (full 26):
 garbage-first heap   total 348160K, used 72300K [0x0000000702600000, 0x0000000800000000)
  region size 2048K, 2 young (4096K), 2 survivors (4096K)
 Metaspace       used 97145K, committed 98176K, reserved 1179648K
  class space    used 12879K, committed 13440K, reserved 1048576K
}
Event: 14413.501 GC heap before
{Heap before GC invocations=210 (full 26):
 garbage-first heap   total 348160K, used 277100K [0x0000000702600000, 0x0000000800000000)
  region size 2048K, 102 young (208896K), 2 survivors (4096K)
 Metaspace       used 97197K, committed 98240K, reserved 1179648K
  class space    used 12887K, committed 13440K, reserved 1048576K
}
Event: 14413.503 GC heap after
{Heap after GC invocations=211 (full 26):
 garbage-first heap   total 348160K, used 72503K [0x0000000702600000, 0x0000000800000000)
  region size 2048K, 2 young (4096K), 2 survivors (4096K)
 Metaspace       used 97197K, committed 98240K, reserved 1179648K
  class space    used 12887K, committed 13440K, reserved 1048576K
}
Event: 15974.872 GC heap before
{Heap before GC invocations=211 (full 26):
 garbage-first heap   total 348160K, used 277303K [0x0000000702600000, 0x0000000800000000)
  region size 2048K, 102 young (208896K), 2 survivors (4096K)
 Metaspace       used 97197K, committed 98240K, reserved 1179648K
  class space    used 12887K, committed 13440K, reserved 1048576K
}

