# JRE version: OpenJDK Runtime Environment Corretto-21.0.3.9.1 (21.0.3+9) (build 21.0.3+9-LTS)
# Java VM: OpenJDK 64-Bit Server VM Corretto-21.0.3.9.1 (21.0.3+9-LTS, mixed mode, emulated-client, sharing, tiered, compressed oops, compressed class ptrs, g1 gc, windows-amd64)
GC Precious Log:
 CardTable entry size: 512
 Card Set container configuration: InlinePtr #cards 4 size 8 Array Of Cards #cards 16 size 48 Howl #buckets 8 coarsen threshold 3686 Howl Bitmap #cards 512 size 80 coarsen threshold 460 Card regions per heap region 1 cards per card region 4096
 CPUs: 16 total, 16 available
 Memory: 16227M
 Large Page Support: Disabled
 NUMA Support: Disabled
 Compressed Oops: Enabled (Zero based)
 Heap Region Size: 2M
 Heap Min Capacity: 8M
 Heap Initial Capacity: 254M
 Heap Max Capacity: 4058M
 Pre-touch: Disabled
 Parallel Workers: 13
 Concurrent Workers: 3
 Concurrent Refinement Workers: 13
 Periodic GC: Disabled
Heap:
 garbage-first heap   total 737280K, used 652993K [0x0000000702600000, 0x0000000800000000)
  region size 2048K, 193 young (395264K), 6 survivors (12288K)
 Metaspace       used 200937K, committed 203328K, reserved 1245184K
  class space    used 22500K, committed 23680K, reserved 1048576K
GC Heap History (20 events):
Event: 5869.046 GC heap after
{Heap after GC invocations=408 (full 83):
 garbage-first heap   total 737280K, used 233677K [0x0000000702600000, 0x0000000800000000)
  region size 2048K, 0 young (0K), 0 survivors (0K)
 Metaspace       used 188264K, committed 190464K, reserved 1245184K
  class space    used 21340K, committed 22400K, reserved 1048576K
}
Event: 5887.248 GC heap before
{Heap before GC invocations=408 (full 83):
 garbage-first heap   total 737280K, used 583885K [0x0000000702600000, 0x0000000800000000)
  region size 2048K, 173 young (354304K), 0 survivors (0K)
 Metaspace       used 189591K, committed 191808K, reserved 1245184K
  class space    used 21462K, committed 22528K, reserved 1048576K
}
Event: 5887.340 GC heap after
{Heap after GC invocations=409 (full 84):
 garbage-first heap   total 737280K, used 238907K [0x0000000702600000, 0x0000000800000000)
  region size 2048K, 0 young (0K), 0 survivors (0K)
 Metaspace       used 189561K, committed 191808K, reserved 1245184K
  class space    used 21458K, committed 22528K, reserved 1048576K
}
Event: 5893.246 GC heap before
{Heap before GC invocations=409 (full 84):
 garbage-first heap   total 737280K, used 580923K [0x0000000702600000, 0x0000000800000000)
  region size 2048K, 169 young (346112K), 0 survivors (0K)
 Metaspace       used 190888K, committed 193088K, reserved 1245184K
  class space    used 21580K, committed 22656K, reserved 1048576K
}
Event: 5893.342 GC heap after
{Heap after GC invocations=410 (full 85):
 garbage-first heap   total 737280K, used 243912K [0x0000000702600000, 0x0000000800000000)
  region size 2048K, 0 young (0K), 0 survivors (0K)
 Metaspace       used 190858K, committed 193088K, reserved 1245184K
  class space    used 21575K, committed 22656K, reserved 1048576K
}
Event: 5898.262 GC heap before
{Heap before GC invocations=410 (full 85):
 garbage-first heap   total 737280K, used 585928K [0x0000000702600000, 0x0000000800000000)
  region size 2048K, 169 young (346112K), 0 survivors (0K)
 Metaspace       used 192193K, committed 194432K, reserved 1245184K
  class space    used 21697K, committed 22784K, reserved 1048576K
}
Event: 5898.358 GC heap after
{Heap after GC invocations=411 (full 86):
 garbage-first heap   total 737280K, used 249076K [0x0000000702600000, 0x0000000800000000)
  region size 2048K, 0 young (0K), 0 survivors (0K)
 Metaspace       used 192163K, committed 194432K, reserved 1245184K
  class space    used 21692K, committed 22784K, reserved 1048576K
}
Event: 5904.466 GC heap before
{Heap before GC invocations=411 (full 86):
 garbage-first heap   total 737280K, used 593140K [0x0000000702600000, 0x0000000800000000)
  region size 2048K, 170 young (348160K), 0 survivors (0K)
 Metaspace       used 193490K, committed 195712K, reserved 1245184K
  class space    used 21814K, committed 22912K, reserved 1048576K
}
Event: 5904.563 GC heap after
{Heap after GC invocations=412 (full 87):
 garbage-first heap   total 737280K, used 254030K [0x0000000702600000, 0x0000000800000000)
  region size 2048K, 0 young (0K), 0 survivors (0K)
 Metaspace       used 193460K, committed 195712K, reserved 1245184K
  class space    used 21809K, committed 22912K, reserved 1048576K
}
Event: 5979.951 GC heap before
{Heap before GC invocations=412 (full 87):
 garbage-first heap   total 737280K, used 645198K [0x0000000702600000, 0x0000000800000000)
  region size 2048K, 192 young (393216K), 0 survivors (0K)
 Metaspace       used 194794K, committed 197056K, reserved 1245184K
  class space    used 21931K, committed 23040K, reserved 1048576K
}
Event: 5980.058 GC heap after
{Heap after GC invocations=413 (full 88):
 garbage-first heap   total 737280K, used 259054K [0x0000000702600000, 0x0000000800000000)
  region size 2048K, 0 young (0K), 0 survivors (0K)
 Metaspace       used 194764K, committed 197056K, reserved 1245184K
  class space    used 21927K, committed 23040K, reserved 1048576K
}
Event: 5988.094 GC heap before
{Heap before GC invocations=413 (full 88):
 garbage-first heap   total 737280K, used 605166K [0x0000000702600000, 0x0000000800000000)
  region size 2048K, 171 young (350208K), 0 survivors (0K)
 Metaspace       used 196092K, committed 198336K, reserved 1245184K
  class space    used 22049K, committed 23168K, reserved 1048576K
}
Event: 5988.206 GC heap after
{Heap after GC invocations=414 (full 89):
 garbage-first heap   total 737280K, used 255790K [0x0000000702600000, 0x0000000800000000)
  region size 2048K, 0 young (0K), 0 survivors (0K)
 Metaspace       used 196056K, committed 198336K, reserved 1245184K
  class space    used 22043K, committed 23168K, reserved 1048576K
}
Event: 5991.092 GC heap before
{Heap before GC invocations=414 (full 89):
 garbage-first heap   total 737280K, used 595758K [0x0000000702600000, 0x0000000800000000)
  region size 2048K, 168 young (344064K), 0 survivors (0K)
 Metaspace       used 197385K, committed 199680K, reserved 1245184K
  class space    used 22165K, committed 23296K, reserved 1048576K
}
Event: 5991.192 GC heap after
{Heap after GC invocations=415 (full 90):
 garbage-first heap   total 737280K, used 260815K [0x0000000702600000, 0x0000000800000000)
  region size 2048K, 0 young (0K), 0 survivors (0K)
 Metaspace       used 197355K, committed 199680K, reserved 1245184K
  class space    used 22161K, committed 23296K, reserved 1048576K
}
Event: 6020.581 GC heap before
{Heap before GC invocations=415 (full 90):
 garbage-first heap   total 737280K, used 617167K [0x0000000702600000, 0x0000000800000000)
  region size 2048K, 176 young (360448K), 0 survivors (0K)
 Metaspace       used 198682K, committed 200960K, reserved 1245184K
  class space    used 22283K, committed 23424K, reserved 1048576K
}
Event: 6020.682 GC heap after
{Heap after GC invocations=416 (full 91):
 garbage-first heap   total 737280K, used 265754K [0x0000000702600000, 0x0000000800000000)
  region size 2048K, 0 young (0K), 0 survivors (0K)
 Metaspace       used 198652K, committed 200960K, reserved 1245184K
  class space    used 22278K, committed 23424K, reserved 1048576K
}
Event: 6037.765 GC heap before
{Heap before GC invocations=416 (full 91):
 garbage-first heap   total 737280K, used 615962K [0x0000000702600000, 0x0000000800000000)
  region size 2048K, 173 young (354304K), 0 survivors (0K)
 Metaspace       used 200014K, committed 202368K, reserved 1245184K
  class space    used 22403K, committed 23552K, reserved 1048576K
}
Event: 6037.869 GC heap after
{Heap after GC invocations=417 (full 92):
 garbage-first heap   total 737280K, used 270017K [0x0000000702600000, 0x0000000800000000)
  region size 2048K, 0 young (0K), 0 survivors (0K)
 Metaspace       used 199984K, committed 202368K, reserved 1245184K
  class space    used 22398K, committed 23552K, reserved 1048576K
}
Event: 6464.252 GC heap before
{Heap before GC invocations=417 (full 92):
 garbage-first heap   total 737280K, used 650945K [0x0000000702600000, 0x0000000800000000)
  region size 2048K, 187 young (382976K), 0 survivors (0K)
 Metaspace       used 200937K, committed 203328K, reserved 1245184K
  class space    used 22500K, committed 23680K, reserved 1048576K
}

